<?xml version="1.0" encoding="UTF-8"?>
<!-- Generated by org.testng.reporters.JUnitXMLReporter -->
<testsuite ignored="1" hostname="SarthakThinkpad" failures="1" tests="11" name="Test" time="68.494" errors="0" timestamp="2023-05-28T10:28:38 GMT-04:00">
  <testcase classname="com.tn.qa.testcases.RegisterTest" name="registerAccountWithMandatoryFields" time="1.441"/>
  <testcase classname="com.tn.qa.testcases.RegisterTest" name="registerAccountWithAllFields" time="1.681"/>
  <testcase classname="com.tn.qa.testcases.RegisterTest" name="registerAccountWithExistingEmail" time="1.053"/>
  <testcase classname="com.tn.qa.testcases.RegisterTest" name="registerAccountWithoutFillingAnyFields" time="0.593"/>
  <testcase classname="com.tn.qa.testcases.SearchProductTest" name="verifySearchWithValidProduct" time="0.765"/>
  <testcase classname="com.tn.qa.testcases.SearchProductTest" name="verifySearchWithInvalidProduct" time="0.51">
    <failure type="java.lang.AssertionError" message="The following asserts failed:
	expected [false] but found [true]">
      <![CDATA[java.lang.AssertionError: The following asserts failed:
expected [false] but found [true]
at com.tn.qa.testcases.SearchProductTest.verifySearchWithInvalidProduct(SearchProductTest.java:44)
at java.base/java.util.ArrayList.forEach(ArrayList.java:1511)
... Removed 33 stack frames]]>
    </failure>
  </testcase> <!-- verifySearchWithInvalidProduct -->
  <testcase classname="com.tn.qa.testcases.SearchProductTest" name="verifySearchWithoutProduct" time="0.001">
    <skipped/>
  </testcase> <!-- verifySearchWithoutProduct -->
  <testcase classname="com.tn.qa.testcases.LoginTest" name="verifyLoginWithInvalidCredentials" time="0.6"/>
  <testcase classname="com.tn.qa.testcases.LoginTest" name="verifyLoginWithValidUsernameInvalidPassword" time="0.7"/>
  <testcase classname="com.tn.qa.testcases.LoginTest" name="verifyLoginWithInvalidUsernameValidPassword" time="0.635"/>
  <testcase classname="com.tn.qa.testcases.LoginTest" name="verifyLoginWithNoCredentials" time="0.55"/>
  <testcase classname="com.tn.qa.testcases.LoginTest" name="verifyLoginWithValidCredentials" time="0.0">
    <ignored/>
  </testcase> <!-- verifyLoginWithValidCredentials -->
</testsuite> <!-- Test -->
